<?xml version="1.0" encoding="UTF-8"?>
<testng-results ignored="0" total="1" passed="1" failed="0" skipped="0">
  <reporter-output>
  </reporter-output>
  <suite started-at="2024-09-17T13:44:53 IST" name="Default suite" finished-at="2024-09-17T13:44:56 IST" duration-ms="3026">
    <groups>
    </groups>
    <test started-at="2024-09-17T13:44:53 IST" name="Default test" finished-at="2024-09-17T13:44:56 IST" duration-ms="3026">
      <class name="testcases.RestAssuredOAuth2">
        <test-method signature="test2()[pri:0, instance:testcases.RestAssuredOAuth2@71def8f8]" started-at="2024-09-17T13:44:53 IST" name="test2" finished-at="2024-09-17T13:44:56 IST" duration-ms="2991" status="PASS">
          <reporter-output>
          </reporter-output>
        </test-method> <!-- test2 -->
      </class> <!-- testcases.RestAssuredOAuth2 -->
    </test> <!-- Default test -->
  </suite> <!-- Default suite -->
</testng-results>
